LongWeb - Web实时通信框架版本信息
支持websocket与长轮询

V1.5.4
1、增加TLS支持，通过配置文件启用，启用后支持https与wss协议
2、app.config文件httpserver节点：
* 增加istls设置项，默认为false，设为true时启用tls
* 增加tlscertfile、tlskeyfile设置项，用于配置cert与key文件路径
4、2018-04-04 09:00


V1.5.3
1、SendMessage API增加指定用户批量名单推送支持，Message增加ToUserList属性
2、Message.ToUserList:类型为interface，实际调用请使用[]string的json串
3、Task组件升级为DotTask
4、2017-10-25 19:00

V1.5.2
1、增加online处理，当groupid为online时，请求建立成功不主动询问是否有新消息，收到针对全应用推送时，忽略对online的推送
2、增加常量GroupID_Online
3、2017-09-07 15:00


V1.5.1
1、修正Message模块BUG，优化报错信息
2、2017-08-25 18:00

V1.5
1、增加自动同步online数据模块，目前支持写入influxdb
2、2017-05-24 18:00

V1.4.5
1、BugFix:LongPoll:如果MessageApi未配置，则忽略首次查询
2、2017-04-27 19:00

V1.4.4
1、连接参数新增From参数，标识连接来源
2、新增StateData接口，输出统计数据json
3、2017-04-24 09:00

V1.4.3
1、go版本升级至1.8
2、完善state页面输出内容
3、2017-02-22 11:00

V1.4.2
1、LongPoll增加jsonp支持
2、2017-02-08 17:00

V1.4.1
1、完善鉴权实现，统一WebSocket与LongPoll鉴权协议，重构相关代码实现，完善接入文档
2、2017-02-07 15:00

V1.4
1、完善LongPoll实现，兼容hijack与普通模式，支持跨域
2、新增LongPoll独立日志文件
3、2017-02-07 10:00

V1.3
1、重写LongPoll实现，支持跨域
2、2017-02-04 13:00

V1.2
1、WebSocket支持鉴权特性
2、WebSocket\LongPoll增加连接日志 - HttpDebug
3、2017-01-04 12:00

V1.1
1、支持LongPoll版本
2、2017-01-03 17:00

V1.0
1、基础版本，实现Websocket代理
2、2016-12-16 13:00